<?xml version="1.0" encoding="UTF-8"?>
<!-- Generated by org.testng.reporters.JUnitXMLReporter -->
<testsuite hostname="LAPTOP-HC7TTO3K" ignored="0" name="Test" tests="4" failures="0" timestamp="2021-12-04T13:04:22 IST" time="78.443" errors="0">
  <testcase name="TestLocactorscss" time="24.101" classname="com.tests.locators.TestLocatorCssSelector"/>
  <testcase name="TestLocators" time="12.538" classname="com.tests.locators.TestLocatorID"/>
  <testcase name="TestLocatorNamemethod" time="20.94" classname="com.tests.locators.TestLocatorName"/>
  <testcase name="TestLocatorXpathMethod" time="20.77" classname="com.tests.locators.TestLocatorXpath"/>
</testsuite> <!-- Test -->
