<?xml version="1.0" encoding="UTF-8"?>
<testng-results skipped="0" failed="0" ignored="0" total="2" passed="2">
  <reporter-output>
  </reporter-output>
  <suite name="Suite" duration-ms="13061" started-at="2022-01-12T17:13:08 IST" finished-at="2022-01-12T17:13:21 IST">
    <groups>
    </groups>
    <test name="Test1" duration-ms="11852" started-at="2022-01-12T17:13:08 IST" finished-at="2022-01-12T17:13:19 IST">
      <class name="com.testNG.parallelTests.ParallelTest2">
        <test-method status="PASS" signature="beforeTest(java.lang.String)[pri:0, instance:com.testNG.parallelTests.ParallelTest2@24a35978]" name="beforeTest" is-config="true" duration-ms="9937" started-at="2022-01-12T17:13:08 IST" finished-at="2022-01-12T17:13:18 IST">
          <params>
            <param index="0">
              <value>
                <![CDATA[edge]]>
              </value>
            </param>
          </params>
          <reporter-output>
          </reporter-output>
        </test-method> <!-- beforeTest -->
        <test-method status="PASS" signature="login()[pri:0, instance:com.testNG.parallelTests.ParallelTest2@24a35978]" name="login" duration-ms="1859" started-at="2022-01-12T17:13:18 IST" finished-at="2022-01-12T17:13:19 IST">
          <reporter-output>
          </reporter-output>
        </test-method> <!-- login -->
      </class> <!-- com.testNG.parallelTests.ParallelTest2 -->
    </test> <!-- Test1 -->
    <test name="Test2" duration-ms="13061" started-at="2022-01-12T17:13:08 IST" finished-at="2022-01-12T17:13:21 IST">
      <class name="com.testNG.parallelTests.ParallelTest2">
        <test-method status="PASS" signature="beforeTest(java.lang.String)[pri:0, instance:com.testNG.parallelTests.ParallelTest2@8b87145]" name="beforeTest" is-config="true" duration-ms="11622" started-at="2022-01-12T17:13:08 IST" finished-at="2022-01-12T17:13:19 IST">
          <params>
            <param index="0">
              <value>
                <![CDATA[firefox]]>
              </value>
            </param>
          </params>
          <reporter-output>
          </reporter-output>
        </test-method> <!-- beforeTest -->
        <test-method status="PASS" signature="login()[pri:0, instance:com.testNG.parallelTests.ParallelTest2@8b87145]" name="login" duration-ms="1393" started-at="2022-01-12T17:13:19 IST" finished-at="2022-01-12T17:13:21 IST">
          <reporter-output>
          </reporter-output>
        </test-method> <!-- login -->
      </class> <!-- com.testNG.parallelTests.ParallelTest2 -->
    </test> <!-- Test2 -->
  </suite> <!-- Suite -->
</testng-results>
