<?xml version="1.0" encoding="UTF-8"?>
<testng-results skipped="0" failed="0" ignored="0" total="3" passed="3">
  <reporter-output>
  </reporter-output>
  <suite name="Default suite" duration-ms="14689" started-at="2022-01-12T17:43:00 IST" finished-at="2022-01-12T17:43:15 IST">
    <groups>
    </groups>
    <test name="Default test" duration-ms="14689" started-at="2022-01-12T17:43:00 IST" finished-at="2022-01-12T17:43:15 IST">
      <class name="com.AngularApp.Tests.CalculatorPageTest">
        <test-method status="PASS" signature="setup()[pri:0, instance:com.AngularApp.Tests.CalculatorPageTest@4d1b0d2a]" name="setup" is-config="true" duration-ms="7950" started-at="2022-01-12T17:43:00 IST" finished-at="2022-01-12T17:43:08 IST">
          <reporter-output>
          </reporter-output>
        </test-method> <!-- setup -->
        <test-method status="PASS" signature="sumTest()[pri:1, instance:com.AngularApp.Tests.CalculatorPageTest@4d1b0d2a]" name="sumTest" duration-ms="2359" started-at="2022-01-12T17:43:08 IST" finished-at="2022-01-12T17:43:11 IST">
          <reporter-output>
          </reporter-output>
        </test-method> <!-- sumTest -->
        <test-method status="PASS" signature="subTest()[pri:2, instance:com.AngularApp.Tests.CalculatorPageTest@4d1b0d2a]" name="subTest" duration-ms="2159" started-at="2022-01-12T17:43:11 IST" finished-at="2022-01-12T17:43:13 IST">
          <reporter-output>
          </reporter-output>
        </test-method> <!-- subTest -->
        <test-method status="PASS" signature="divTest()[pri:3, instance:com.AngularApp.Tests.CalculatorPageTest@4d1b0d2a]" name="divTest" duration-ms="2139" started-at="2022-01-12T17:43:13 IST" finished-at="2022-01-12T17:43:15 IST">
          <reporter-output>
          </reporter-output>
        </test-method> <!-- divTest -->
      </class> <!-- com.AngularApp.Tests.CalculatorPageTest -->
    </test> <!-- Default test -->
  </suite> <!-- Default suite -->
</testng-results>
