<?xml version="1.0" encoding="UTF-8"?>
<!-- Generated by org.testng.reporters.JUnitXMLReporter -->
<testsuite hostname="LAPTOP-HC7TTO3K" ignored="0" name="Default test" tests="3" failures="0" timestamp="2022-01-12T17:43:15 IST" time="14.689" errors="0">
  <testcase name="sumTest" time="2.359" classname="com.AngularApp.Tests.CalculatorPageTest"/>
  <testcase name="subTest" time="2.159" classname="com.AngularApp.Tests.CalculatorPageTest"/>
  <testcase name="divTest" time="2.139" classname="com.AngularApp.Tests.CalculatorPageTest"/>
</testsuite> <!-- Default test -->
