<?xml version="1.0" encoding="UTF-8"?>
<testng-results ignored="0" total="1" passed="1" failed="0" skipped="0">
  <reporter-output>
  </reporter-output>
  <suite started-at="2022-01-26T09:14:44 IST" name="Default suite" finished-at="2022-01-26T09:14:54 IST" duration-ms="10362">
    <groups>
    </groups>
    <test started-at="2022-01-26T09:14:44 IST" name="Default test" finished-at="2022-01-26T09:14:54 IST" duration-ms="10362">
      <class name="com.test.modular.TestOrangeHRMLogin">
        <test-method signature="VerifyValidLogin()[pri:0, instance:com.test.modular.TestOrangeHRMLogin@35aea049]" started-at="2022-01-26T09:14:44 IST" name="VerifyValidLogin" finished-at="2022-01-26T09:14:54 IST" duration-ms="10338" status="PASS">
          <reporter-output>
          </reporter-output>
        </test-method> <!-- VerifyValidLogin -->
      </class> <!-- com.test.modular.TestOrangeHRMLogin -->
    </test> <!-- Default test -->
  </suite> <!-- Default suite -->
</testng-results>
