<?xml version="1.0" encoding="UTF-8"?>
<!-- Generated by org.testng.reporters.JUnitXMLReporter -->
<testsuite hostname="LAPTOP-HC7TTO3K" ignored="0" name="TimeSheetTestCase" tests="1" failures="1" timestamp="2021-12-17T16:34:25 IST" time="8.957" errors="0">
  <testcase name="@AfterMethod teardown" time="0.0" classname="com.week4.tests.LoginTest">
    <failure type="java.lang.NullPointerException">
      <![CDATA[java.lang.NullPointerException
at com.week4.tests.LoginTest.teardown(LoginTest.java:45)
at java.util.ArrayList.forEach(ArrayList.java:1257)
... Removed 32 stack frames]]>
    </failure>
  </testcase> <!-- @AfterMethod teardown -->
  <testcase name="testLoginAction" time="0.015" classname="com.week4.tests.LoginTest">
    <failure type="java.lang.NullPointerException">
      <![CDATA[java.lang.NullPointerException
at com.week4.pages.LoginPage.loginaction(LoginPage.java:51)
at com.week4.tests.LoginTest.testLoginAction(LoginTest.java:39)
at java.util.ArrayList.forEach(ArrayList.java:1257)
... Removed 27 stack frames]]>
    </failure>
  </testcase> <!-- testLoginAction -->
</testsuite> <!-- TimeSheetTestCase -->
