<?xml version="1.0" encoding="UTF-8"?>
<testng-results skipped="0" failed="0" ignored="0" total="1" passed="1">
  <reporter-output>
  </reporter-output>
  <suite name="Default suite" duration-ms="10067" started-at="2021-12-23T22:10:32 IST" finished-at="2021-12-23T22:10:42 IST">
    <groups>
    </groups>
    <test name="Default test" duration-ms="10067" started-at="2021-12-23T22:10:32 IST" finished-at="2021-12-23T22:10:42 IST">
      <class name="com.week5.tests.WebTableTest">
        <test-method status="PASS" signature="testWebTableGetMaxPrevClose()[pri:1, instance:com.week5.tests.WebTableTest@69b0fd6f]" name="testWebTableGetMaxPrevClose" duration-ms="9990" started-at="2021-12-23T22:10:32 IST" finished-at="2021-12-23T22:10:42 IST">
          <reporter-output>
          </reporter-output>
        </test-method> <!-- testWebTableGetMaxPrevClose -->
      </class> <!-- com.week5.tests.WebTableTest -->
    </test> <!-- Default test -->
  </suite> <!-- Default suite -->
</testng-results>
